<?xml version="1.0" encoding="UTF-8"?>
<!-- Generated by org.testng.reporters.JUnitXMLReporter -->
<testsuite hostname="EPINPUNW069E" ignored="12" name="Test" tests="2" failures="0" timestamp="2024-06-02T17:26:36 IST" time="0.044" errors="0">
  <testcase name="divideByNegative" time="0.011" classname="tasks.CalculatorTest"/>
  <testcase name="multiPlyByNegative" time="0.011" classname="tasks.CalculatorTest"/>
  <testcase name="divideByZeroInDouble" time="0.0" classname="tasks.CalculatorTest">
    <ignored/>
  </testcase> <!-- divideByZeroInDouble -->
  <testcase name="cos" time="0.0" classname="tasks.CalculatorTest">
    <ignored/>
  </testcase> <!-- cos -->
  <testcase name="additionWithDataProvider" time="0.0" classname="tasks.CalculatorTest">
    <ignored/>
  </testcase> <!-- additionWithDataProvider -->
  <testcase name="division" time="0.0" classname="tasks.CalculatorTest">
    <ignored/>
  </testcase> <!-- division -->
  <testcase name="substraction" time="0.0" classname="tasks.CalculatorTest">
    <ignored/>
  </testcase> <!-- substraction -->
  <testcase name="addition" time="0.0" classname="tasks.CalculatorTest">
    <ignored/>
  </testcase> <!-- addition -->
  <testcase name="squareRoot" time="0.0" classname="tasks.CalculatorTest">
    <ignored/>
  </testcase> <!-- squareRoot -->
  <testcase name="divisionByZero" time="0.0" classname="tasks.CalculatorTest">
    <ignored/>
  </testcase> <!-- divisionByZero -->
  <testcase name="powerWithDouble" time="0.0" classname="tasks.CalculatorTest">
    <ignored/>
  </testcase> <!-- powerWithDouble -->
  <testcase name="power" time="0.0" classname="tasks.CalculatorTest">
    <ignored/>
  </testcase> <!-- power -->
  <testcase name="multiplication" time="0.0" classname="tasks.CalculatorTest">
    <ignored/>
  </testcase> <!-- multiplication -->
  <testcase name="multiplicationByDouble" time="0.0" classname="tasks.CalculatorTest">
    <ignored/>
  </testcase> <!-- multiplicationByDouble -->
</testsuite> <!-- Test -->
