<?xml version="1.0" encoding="UTF-8"?>
<testng-results skipped="0" failed="0" ignored="12" total="14" passed="2">
  <reporter-output>
  </reporter-output>
  <suite name="Suite" duration-ms="44" started-at="2024-06-02T17:26:36 IST" finished-at="2024-06-02T17:26:36 IST">
    <groups>
      <group name="negativeTests">
        <method signature="CalculatorTest.divideByNegative()[pri:0, instance:tasks.CalculatorTest@1282c25]" name="divideByNegative" class="tasks.CalculatorTest"/>
        <method signature="CalculatorTest.multiPlyByNegative()[pri:0, instance:tasks.CalculatorTest@1282c25]" name="multiPlyByNegative" class="tasks.CalculatorTest"/>
      </group> <!-- negativeTests -->
    </groups>
    <test name="Test" duration-ms="44" started-at="2024-06-02T17:26:36 IST" finished-at="2024-06-02T17:26:36 IST">
      <class name="tasks.CalculatorTest">
        <test-method status="PASS" signature="divideByNegative()[pri:0, instance:tasks.CalculatorTest@1282c25]" name="divideByNegative" duration-ms="11" started-at="2024-06-02T17:26:36 IST" finished-at="2024-06-02T17:26:36 IST">
          <reporter-output>
          </reporter-output>
        </test-method> <!-- divideByNegative -->
        <test-method status="PASS" signature="multiPlyByNegative()[pri:0, instance:tasks.CalculatorTest@1282c25]" name="multiPlyByNegative" duration-ms="11" started-at="2024-06-02T17:26:36 IST" finished-at="2024-06-02T17:26:36 IST">
          <reporter-output>
          </reporter-output>
        </test-method> <!-- multiPlyByNegative -->
      </class> <!-- tasks.CalculatorTest -->
    </test> <!-- Test -->
  </suite> <!-- Suite -->
</testng-results>
